<?xml version="1.0" encoding="UTF-8"?>
<!-- Generated by org.testng.reporters.JUnitReportReporter -->
<testsuite hostname="DESKTOP-MQ4CHD1" name="com.XYZcompany.ecommerce.testscripts.TC001_SigningIn" tests="2" failures="0" timestamp="28 Jan 2017 16:04:05 GMT" time="30.978" errors="0">
  <testcase name="signIn" time="15.822" classname="com.XYZcompany.ecommerce.testscripts.TC001_SigningIn"/>
  <testcase name="signIn" time="15.156" classname="com.XYZcompany.ecommerce.testscripts.TC001_SigningIn"/>
</testsuite> <!-- com.XYZcompany.ecommerce.testscripts.TC001_SigningIn -->
