<?xml version="1.0" encoding="UTF-8"?>
<!-- Generated by org.testng.reporters.JUnitReportReporter -->
<testsuite hostname="DESKTOP-MQ4CHD1" name="com.XYZcompany.ecommerce.testscripts.TC002_CreateAccount" tests="2" failures="0" timestamp="28 Jan 2017 16:04:05 GMT" time="27.951" errors="0">
  <testcase name="createAccount" time="14.887" classname="com.XYZcompany.ecommerce.testscripts.TC002_CreateAccount"/>
  <testcase name="createAccount" time="13.064" classname="com.XYZcompany.ecommerce.testscripts.TC002_CreateAccount"/>
</testsuite> <!-- com.XYZcompany.ecommerce.testscripts.TC002_CreateAccount -->
