<?xml version="1.0" encoding="UTF-8"?>
<!-- Generated by org.testng.reporters.JUnitReportReporter -->
<testsuite name="com.XYZcompany.ecommerce.testscripts.TestOrder" tests="4" time="0.019" ignored="0" failures="0" timestamp="21 Jan 2017 10:44:22 GMT" skipped="0" hostname="DESKTOP-MQ4CHD1" errors="0">
  <testcase name="testMakeOrder" time="0.004" classname="com.XYZcompany.ecommerce.testscripts.TestOrder"/>
  <testcase name="testMakeEmptyOrder" time="0.002" classname="com.XYZcompany.ecommerce.testscripts.TestOrder"/>
  <testcase name="testFindOrder" time="0.010" classname="com.XYZcompany.ecommerce.testscripts.TestOrder"/>
  <testcase name="testUpdateOrder" time="0.003" classname="com.XYZcompany.ecommerce.testscripts.TestOrder"/>
</testsuite> <!-- com.XYZcompany.ecommerce.testscripts.TestOrder -->
