<?xml version="1.0" encoding="UTF-8"?>
<!-- Generated by org.testng.reporters.JUnitReportReporter -->
<testsuite name="com.XYZcompany.ecommerce.Excelreader.ExcelReader" tests="1" time="1.244" ignored="0" failures="0" timestamp="22 Jan 2017 09:00:42 GMT" skipped="0" hostname="DESKTOP-MQ4CHD1" errors="0">
  <testcase name="readMysheet" time="1.244" classname="com.XYZcompany.ecommerce.Excelreader.ExcelReader"/>
</testsuite> <!-- com.XYZcompany.ecommerce.Excelreader.ExcelReader -->
